\BOOKMARK [1][-]{section.1}{Introduction}{}% 1
\BOOKMARK [1][-]{section.2}{Theoretical Framework}{}% 2
\BOOKMARK [1][-]{section.3}{Background}{}% 3
\BOOKMARK [2][-]{subsection.3.1}{Sinclair Broadcast Group}{section.3}% 4
\BOOKMARK [2][-]{subsection.3.2}{What Characterizes Racially Conservative Coverage?}{section.3}% 5
\BOOKMARK [3][-]{subsubsection.3.2.1}{Does Sinclair Have a Racial Bias?}{subsection.3.2}% 6
\BOOKMARK [2][-]{subsection.3.3}{Measuring Racial Animus}{section.3}% 7
\BOOKMARK [3][-]{subsubsection.3.3.1}{Google Trends Data}{subsection.3.3}% 8
\BOOKMARK [3][-]{subsubsection.3.3.2}{Scaling Google Trends Data:}{subsection.3.3}% 9
\BOOKMARK [2][-]{subsection.3.4}{Implicit Association Test data}{section.3}% 10
\BOOKMARK [1][-]{section.4}{Methodology}{}% 11
\BOOKMARK [2][-]{subsection.4.1}{Tools Used}{section.4}% 12
\BOOKMARK [2][-]{subsection.4.2}{Preregistration}{section.4}% 13
\BOOKMARK [2][-]{subsection.4.3}{Difference-In-Differences Analysis}{section.4}% 14
\BOOKMARK [1][-]{section.5}{Results}{}% 15
\BOOKMARK [2][-]{subsection.5.1}{Identification Assumption}{section.5}% 16
\BOOKMARK [1][-]{appendix.A}{Codings for Offensive Words}{}% 17
\BOOKMARK [1][-]{appendix.B}{References}{}% 18
\BOOKMARK [1][-]{appendix.C}{Preregistration Document}{}% 19
\BOOKMARK [2][-]{subsection.C.1}{Pregistration}{appendix.C}% 20
\BOOKMARK [2][-]{subsection.C.2}{Pregistration}{appendix.C}% 21
\BOOKMARK [2][-]{subsection.C.3}{Pregistration}{appendix.C}% 22
\BOOKMARK [2][-]{subsection.C.4}{Pregistration}{appendix.C}% 23
\BOOKMARK [1][-]{appendix.D}{Code}{}% 24
\BOOKMARK [2][-]{subsection.D.1}{Master Replication Script}{appendix.D}% 25
\BOOKMARK [2][-]{subsection.D.2}{Cleaning Sinclair Data}{appendix.D}% 26
\BOOKMARK [2][-]{subsection.D.3}{Web Scraping}{appendix.D}% 27
\BOOKMARK [2][-]{subsection.D.4}{Cleaning Google Search Data}{appendix.D}% 28
\BOOKMARK [2][-]{subsection.D.5}{Cleaning IAT Data}{appendix.D}% 29
\BOOKMARK [2][-]{subsection.D.6}{Running Models}{appendix.D}% 30
\BOOKMARK [2][-]{subsection.D.7}{Code in This Document}{appendix.D}% 31
\BOOKMARK [2][-]{subsection.D.8}{Utility Functions - R}{appendix.D}% 32
\BOOKMARK [2][-]{subsection.D.9}{Utility Functions - Python}{appendix.D}% 33
\BOOKMARK [3][-]{subsubsection.D.9.1}{Get Between-Region Google Search Data}{subsection.D.9}% 34
\BOOKMARK [3][-]{subsubsection.D.9.2}{Get Between-Times Google Search Data}{subsection.D.9}% 35
\BOOKMARK [3][-]{subsubsection.D.9.3}{Scaling Google Search Data}{subsection.D.9}% 36
\BOOKMARK [2][-]{subsection.D.10}{Unit Tests}{appendix.D}% 37
\BOOKMARK [3][-]{subsubsection.D.10.1}{For Python Code}{subsection.D.10}% 38
\BOOKMARK [3][-]{subsubsection.D.10.2}{For R Code}{subsection.D.10}% 39
